<?xml version="1.0" encoding="UTF-8"?>
<testsuite xmlns:xsi="http://www.w3.org/2001/XMLSchema-instance" xsi:noNamespaceSchemaLocation="https://maven.apache.org/surefire/maven-surefire-plugin/xsd/surefire-test-report.xsd" version="3.0.2" name="testRunner.TestRunner" time="18.388" tests="1" errors="0" skipped="0" failures="0">
  <properties>
[...]
</properties>
  <testcase name="Verify footer content on the products page" classname="Footer verification" time="18.146">
    <system-out><![CDATA[
Scenario: Verify footer content on the products page                          # features/footer.feature:3
  Given user is on the Swag Labs login page                                   # stepDefination.LoginStepsDefination.user_is_on_the_swag_labs_login_page()
  When user logs in with username "standard_user" and password "secret_sauce" # stepDefination.LoginStepsDefination.user_logs_in_with_username_and_password(java.lang.String,java.lang.String)
  Then user should be navigated to the products page                          # stepDefination.LoginStepsDefination.user_should_be_navigated_to_the_products_page()
  When the user scrolls to the footer                                         # stepDefination.FooterStepsDefination.the_user_scrolls_to_the_footer()
  Then the footer should show the copyright and policy text                   # stepDefination.FooterStepsDefination.the_footer_should_show_the_copyright_and_policy_text()
  And the social media links should be displayed                              # stepDefination.FooterStepsDefination.the_social_media_links_should_be_displayed()
]]></system-out>
    <system-err><![CDATA[Aug 26, 2026 4:39:47 PM org.openqa.selenium.devtools.CdpVersionFinder findNearestMatch
WARNING: Unable to find CDP implementation matching 151
Aug 26, 2026 4:39:47 PM org.openqa.selenium.chromium.ChromiumDriver lambda$new$5
WARNING: Unable to find version of CDP to use for 151.0.7922.174. You may need to include a dependency on a specific version of the CDP using something similar to `org.seleniumhq.selenium:selenium-devtools-v86:4.20.0` where the version ("v86") matches the version of the chromium-based browser you're using and the version number of the artifact is the same as Selenium's.
]]></system-err>
  </testcase>
</testsuite>